<?xml version="1.0" encoding="UTF-8"?>
<!-- Generated by org.testng.reporters.JUnitXMLReporter -->
<testsuite ignored="0" hostname="DESKTOP-FC9KOGL" failures="0" tests="11" name="Surefire test" time="466.874" errors="0" timestamp="2022-12-13T15:20:53 EST">
  <testcase classname="com.crm.qa.tests.ConatctsPageTest" name="verifyUsernameTest" time="0.054"/>
  <testcase classname="com.crm.qa.tests.ConatctsPageTest" name="verifyEmailLinkTest" time="0.221"/>
  <testcase classname="com.crm.qa.tests.ConatctsPageTest" name="validateCreateNewContact" time="35.678"/>
  <testcase classname="com.crm.qa.tests.ConatctsPageTest" name="validateCreateNewContact" time="35.557"/>
  <testcase classname="com.crm.qa.tests.ConatctsPageTest" name="validateCreateNewContact" time="35.612"/>
  <testcase classname="com.crm.qa.tests.HomePageTest" name="verifyContactsLinkTest" time="0.669"/>
  <testcase classname="com.crm.qa.tests.HomePageTest" name="verifyUsernameTest" time="0.419"/>
  <testcase classname="com.crm.qa.tests.HomePageTest" name="verifyHomePageTitleTest" time="0.004"/>
  <testcase classname="com.crm.qa.tests.LoginPageTest" name="LoginPageTitleTest" time="0.003"/>
  <testcase classname="com.crm.qa.tests.LoginPageTest" name="crmLogoImageTest" time="0.033"/>
  <testcase classname="com.crm.qa.tests.LoginPageTest" name="login" time="33.815"/>
</testsuite> <!-- Surefire test -->
