<?xml version="1.0" encoding="UTF-8"?>
<!-- Generated by org.testng.reporters.JUnitXMLReporter -->
<testsuite ignored="0" hostname="DESKTOP-FC9KOGL" failures="0" tests="5" name="Default test" time="301.095" errors="0" timestamp="2022-12-13T14:45:52 EST">
  <testcase classname="com.crm.qa.tests.ConatctsPageTest" name="verifyUsernameTest" time="0.055"/>
  <testcase classname="com.crm.qa.tests.ConatctsPageTest" name="verifyEmailLinkTest" time="0.224"/>
  <testcase classname="com.crm.qa.tests.ConatctsPageTest" name="validateCreateNewContact" time="35.481"/>
  <testcase classname="com.crm.qa.tests.ConatctsPageTest" name="validateCreateNewContact" time="35.482"/>
  <testcase classname="com.crm.qa.tests.ConatctsPageTest" name="validateCreateNewContact" time="35.615"/>
</testsuite> <!-- Default test -->
