<?xml version="1.0" encoding="UTF-8"?>
<!-- Generated by org.testng.reporters.JUnitXMLReporter -->
<testsuite ignored="0" hostname="DESKTOP-FC9KOGL" failures="0" tests="4" name="Default test" time="128.721" errors="0" timestamp="2023-01-09T11:56:04 EST">
  <testcase classname="com.crm.qa.tests.CalendarPageTest" name="verifyUsernameTest" time="0.083"/>
  <testcase classname="com.crm.qa.tests.CalendarPageTest" name="validateCreateNewEvent" time="30.653"/>
  <testcase classname="com.crm.qa.tests.CalendarPageTest" name="validateCreateNewEvent" time="30.639"/>
  <testcase classname="com.crm.qa.tests.CalendarPageTest" name="validateCreateNewEvent" time="30.583"/>
</testsuite> <!-- Default test -->
