<?xml version="1.0" encoding="UTF-8"?>
<!-- Generated by org.testng.reporters.JUnitXMLReporter -->
<testsuite ignored="0" hostname="DESKTOP-FC9KOGL" failures="0" tests="11" name="Test" time="474.025" errors="0" timestamp="2022-12-14T12:37:34 EST">
  <testcase classname="com.crm.qa.tests.ConatctsPageTest" name="verifyUsernameTest" time="0.051"/>
  <testcase classname="com.crm.qa.tests.ConatctsPageTest" name="verifyEmailLinkTest" time="0.235"/>
  <testcase classname="com.crm.qa.tests.ConatctsPageTest" name="validateCreateNewContact" time="35.539"/>
  <testcase classname="com.crm.qa.tests.ConatctsPageTest" name="validateCreateNewContact" time="35.652"/>
  <testcase classname="com.crm.qa.tests.ConatctsPageTest" name="validateCreateNewContact" time="35.791"/>
  <testcase classname="com.crm.qa.tests.HomePageTest" name="verifyContactsLinkTest" time="0.626"/>
  <testcase classname="com.crm.qa.tests.HomePageTest" name="verifyUsernameTest" time="0.405"/>
  <testcase classname="com.crm.qa.tests.HomePageTest" name="verifyHomePageTitleTest" time="0.006"/>
  <testcase classname="com.crm.qa.tests.LoginPageTest" name="LoginPageTitleTest" time="0.005"/>
  <testcase classname="com.crm.qa.tests.LoginPageTest" name="crmLogoImageTest" time="0.029"/>
  <testcase classname="com.crm.qa.tests.LoginPageTest" name="login" time="34.493"/>
</testsuite> <!-- Test -->
