<?xml version="1.0" encoding="UTF-8"?>
<testng-results ignored="0" total="11" passed="11" failed="0" skipped="0">
  <reporter-output>
  </reporter-output>
  <suite started-at="2022-12-13T15:13:06 EST" name="Surefire suite" finished-at="2022-12-13T15:20:53 EST" duration-ms="466874">
    <groups>
    </groups>
    <test started-at="2022-12-13T15:13:06 EST" name="Surefire test" finished-at="2022-12-13T15:20:53 EST" duration-ms="466874">
      <class name="com.crm.qa.tests.LoginPageTest">
        <test-method is-config="true" signature="setUp()[pri:0, instance:com.crm.qa.tests.LoginPageTest@2bbf180e]" started-at="2022-12-13T15:20:07 EST" name="setUp" finished-at="2022-12-13T15:20:10 EST" duration-ms="3342" status="PASS">
          <reporter-output>
          </reporter-output>
        </test-method> <!-- setUp -->
        <test-method signature="LoginPageTitleTest()[pri:1, instance:com.crm.qa.tests.LoginPageTest@2bbf180e]" started-at="2022-12-13T15:20:10 EST" name="LoginPageTitleTest" finished-at="2022-12-13T15:20:10 EST" duration-ms="3" status="PASS">
          <reporter-output>
          </reporter-output>
        </test-method> <!-- LoginPageTitleTest -->
        <test-method is-config="true" signature="tearDown()[pri:0, instance:com.crm.qa.tests.LoginPageTest@2bbf180e]" started-at="2022-12-13T15:20:10 EST" name="tearDown" finished-at="2022-12-13T15:20:11 EST" duration-ms="705" status="PASS">
          <reporter-output>
          </reporter-output>
        </test-method> <!-- tearDown -->
        <test-method is-config="true" signature="setUp()[pri:0, instance:com.crm.qa.tests.LoginPageTest@2bbf180e]" started-at="2022-12-13T15:20:11 EST" name="setUp" finished-at="2022-12-13T15:20:14 EST" duration-ms="3299" status="PASS">
          <reporter-output>
          </reporter-output>
        </test-method> <!-- setUp -->
        <test-method signature="crmLogoImageTest()[pri:2, instance:com.crm.qa.tests.LoginPageTest@2bbf180e]" started-at="2022-12-13T15:20:14 EST" name="crmLogoImageTest" finished-at="2022-12-13T15:20:14 EST" duration-ms="33" status="PASS">
          <reporter-output>
          </reporter-output>
        </test-method> <!-- crmLogoImageTest -->
        <test-method is-config="true" signature="tearDown()[pri:0, instance:com.crm.qa.tests.LoginPageTest@2bbf180e]" started-at="2022-12-13T15:20:14 EST" name="tearDown" finished-at="2022-12-13T15:20:15 EST" duration-ms="811" status="PASS">
          <reporter-output>
          </reporter-output>
        </test-method> <!-- tearDown -->
        <test-method is-config="true" signature="setUp()[pri:0, instance:com.crm.qa.tests.LoginPageTest@2bbf180e]" started-at="2022-12-13T15:20:15 EST" name="setUp" finished-at="2022-12-13T15:20:19 EST" duration-ms="3586" status="PASS">
          <reporter-output>
          </reporter-output>
        </test-method> <!-- setUp -->
        <test-method signature="login()[pri:3, instance:com.crm.qa.tests.LoginPageTest@2bbf180e]" started-at="2022-12-13T15:20:19 EST" name="login" finished-at="2022-12-13T15:20:52 EST" duration-ms="33815" status="PASS">
          <reporter-output>
          </reporter-output>
        </test-method> <!-- login -->
        <test-method is-config="true" signature="tearDown()[pri:0, instance:com.crm.qa.tests.LoginPageTest@2bbf180e]" started-at="2022-12-13T15:20:52 EST" name="tearDown" finished-at="2022-12-13T15:20:53 EST" duration-ms="918" status="PASS">
          <reporter-output>
          </reporter-output>
        </test-method> <!-- tearDown -->
      </class> <!-- com.crm.qa.tests.LoginPageTest -->
      <class name="com.crm.qa.tests.ConatctsPageTest">
        <test-method is-config="true" signature="setUp()[pri:0, instance:com.crm.qa.tests.ConatctsPageTest@184cf7cf]" started-at="2022-12-13T15:13:06 EST" name="setUp" finished-at="2022-12-13T15:13:45 EST" duration-ms="39066" status="PASS">
          <reporter-output>
          </reporter-output>
        </test-method> <!-- setUp -->
        <test-method signature="verifyUsernameTest()[pri:1, instance:com.crm.qa.tests.ConatctsPageTest@184cf7cf]" started-at="2022-12-13T15:13:45 EST" name="verifyUsernameTest" finished-at="2022-12-13T15:13:46 EST" duration-ms="54" status="PASS">
          <reporter-output>
          </reporter-output>
        </test-method> <!-- verifyUsernameTest -->
        <test-method is-config="true" signature="tearDown()[pri:0, instance:com.crm.qa.tests.ConatctsPageTest@184cf7cf]" started-at="2022-12-13T15:13:46 EST" name="tearDown" finished-at="2022-12-13T15:13:46 EST" duration-ms="962" status="PASS">
          <reporter-output>
          </reporter-output>
        </test-method> <!-- tearDown -->
        <test-method is-config="true" signature="setUp()[pri:0, instance:com.crm.qa.tests.ConatctsPageTest@184cf7cf]" started-at="2022-12-13T15:13:47 EST" name="setUp" finished-at="2022-12-13T15:14:24 EST" duration-ms="37862" status="PASS">
          <reporter-output>
          </reporter-output>
        </test-method> <!-- setUp -->
        <test-method signature="verifyEmailLinkTest()[pri:2, instance:com.crm.qa.tests.ConatctsPageTest@184cf7cf]" started-at="2022-12-13T15:14:24 EST" name="verifyEmailLinkTest" finished-at="2022-12-13T15:14:25 EST" duration-ms="221" status="PASS">
          <reporter-output>
          </reporter-output>
        </test-method> <!-- verifyEmailLinkTest -->
        <test-method is-config="true" signature="tearDown()[pri:0, instance:com.crm.qa.tests.ConatctsPageTest@184cf7cf]" started-at="2022-12-13T15:14:25 EST" name="tearDown" finished-at="2022-12-13T15:14:26 EST" duration-ms="915" status="PASS">
          <reporter-output>
          </reporter-output>
        </test-method> <!-- tearDown -->
        <test-method is-config="true" signature="setUp()[pri:0, instance:com.crm.qa.tests.ConatctsPageTest@184cf7cf]" started-at="2022-12-13T15:14:26 EST" name="setUp" finished-at="2022-12-13T15:15:05 EST" duration-ms="38079" status="PASS">
          <reporter-output>
          </reporter-output>
        </test-method> <!-- setUp -->
        <test-method signature="validateCreateNewContact(java.lang.String,java.lang.String,java.lang.String)[pri:3, instance:com.crm.qa.tests.ConatctsPageTest@184cf7cf]" started-at="2022-12-13T15:15:05 EST" name="validateCreateNewContact" data-provider="getCrmTestData" finished-at="2022-12-13T15:15:40 EST" duration-ms="35678" status="PASS">
          <params>
            <param index="0">
              <value>
                <![CDATA[Tom]]>
              </value>
            </param>
            <param index="1">
              <value>
                <![CDATA[Peter]]>
              </value>
            </param>
            <param index="2">
              <value>
                <![CDATA[Lead]]>
              </value>
            </param>
          </params>
          <reporter-output>
          </reporter-output>
        </test-method> <!-- validateCreateNewContact -->
        <test-method is-config="true" signature="tearDown()[pri:0, instance:com.crm.qa.tests.ConatctsPageTest@184cf7cf]" started-at="2022-12-13T15:15:40 EST" name="tearDown" finished-at="2022-12-13T15:15:41 EST" duration-ms="998" status="PASS">
          <reporter-output>
          </reporter-output>
        </test-method> <!-- tearDown -->
        <test-method is-config="true" signature="setUp()[pri:0, instance:com.crm.qa.tests.ConatctsPageTest@184cf7cf]" started-at="2022-12-13T15:15:41 EST" name="setUp" finished-at="2022-12-13T15:16:19 EST" duration-ms="37821" status="PASS">
          <reporter-output>
          </reporter-output>
        </test-method> <!-- setUp -->
        <test-method signature="validateCreateNewContact(java.lang.String,java.lang.String,java.lang.String)[pri:3, instance:com.crm.qa.tests.ConatctsPageTest@184cf7cf]" started-at="2022-12-13T15:16:19 EST" name="validateCreateNewContact" data-provider="getCrmTestData" finished-at="2022-12-13T15:16:55 EST" duration-ms="35557" status="PASS">
          <params>
            <param index="0">
              <value>
                <![CDATA[David]]>
              </value>
            </param>
            <param index="1">
              <value>
                <![CDATA[Cris]]>
              </value>
            </param>
            <param index="2">
              <value>
                <![CDATA[Customer]]>
              </value>
            </param>
          </params>
          <reporter-output>
          </reporter-output>
        </test-method> <!-- validateCreateNewContact -->
        <test-method is-config="true" signature="tearDown()[pri:0, instance:com.crm.qa.tests.ConatctsPageTest@184cf7cf]" started-at="2022-12-13T15:16:55 EST" name="tearDown" finished-at="2022-12-13T15:16:56 EST" duration-ms="918" status="PASS">
          <reporter-output>
          </reporter-output>
        </test-method> <!-- tearDown -->
        <test-method is-config="true" signature="setUp()[pri:0, instance:com.crm.qa.tests.ConatctsPageTest@184cf7cf]" started-at="2022-12-13T15:16:56 EST" name="setUp" finished-at="2022-12-13T15:17:34 EST" duration-ms="38141" status="PASS">
          <reporter-output>
          </reporter-output>
        </test-method> <!-- setUp -->
        <test-method signature="validateCreateNewContact(java.lang.String,java.lang.String,java.lang.String)[pri:3, instance:com.crm.qa.tests.ConatctsPageTest@184cf7cf]" started-at="2022-12-13T15:17:34 EST" name="validateCreateNewContact" data-provider="getCrmTestData" finished-at="2022-12-13T15:18:09 EST" duration-ms="35612" status="PASS">
          <params>
            <param index="0">
              <value>
                <![CDATA[Mukta]]>
              </value>
            </param>
            <param index="1">
              <value>
                <![CDATA[Sharma]]>
              </value>
            </param>
            <param index="2">
              <value>
                <![CDATA[Contact]]>
              </value>
            </param>
          </params>
          <reporter-output>
          </reporter-output>
        </test-method> <!-- validateCreateNewContact -->
        <test-method is-config="true" signature="tearDown()[pri:0, instance:com.crm.qa.tests.ConatctsPageTest@184cf7cf]" started-at="2022-12-13T15:18:09 EST" name="tearDown" finished-at="2022-12-13T15:18:10 EST" duration-ms="949" status="PASS">
          <reporter-output>
          </reporter-output>
        </test-method> <!-- tearDown -->
      </class> <!-- com.crm.qa.tests.ConatctsPageTest -->
      <class name="com.crm.qa.tests.HomePageTest">
        <test-method is-config="true" signature="setUp()[pri:0, instance:com.crm.qa.tests.HomePageTest@d4342c2]" started-at="2022-12-13T15:18:10 EST" name="setUp" finished-at="2022-12-13T15:18:48 EST" duration-ms="37793" status="PASS">
          <reporter-output>
          </reporter-output>
        </test-method> <!-- setUp -->
        <test-method signature="verifyContactsLinkTest()[pri:0, instance:com.crm.qa.tests.HomePageTest@d4342c2]" started-at="2022-12-13T15:18:48 EST" name="verifyContactsLinkTest" finished-at="2022-12-13T15:18:49 EST" duration-ms="669" status="PASS">
          <reporter-output>
          </reporter-output>
        </test-method> <!-- verifyContactsLinkTest -->
        <test-method is-config="true" signature="tearDown()[pri:0, instance:com.crm.qa.tests.HomePageTest@d4342c2]" started-at="2022-12-13T15:18:49 EST" name="tearDown" finished-at="2022-12-13T15:18:50 EST" duration-ms="826" status="PASS">
          <reporter-output>
          </reporter-output>
        </test-method> <!-- tearDown -->
        <test-method is-config="true" signature="setUp()[pri:0, instance:com.crm.qa.tests.HomePageTest@d4342c2]" started-at="2022-12-13T15:18:50 EST" name="setUp" finished-at="2022-12-13T15:19:27 EST" duration-ms="37440" status="PASS">
          <reporter-output>
          </reporter-output>
        </test-method> <!-- setUp -->
        <test-method signature="verifyUsernameTest()[pri:0, instance:com.crm.qa.tests.HomePageTest@d4342c2]" started-at="2022-12-13T15:19:27 EST" name="verifyUsernameTest" finished-at="2022-12-13T15:19:27 EST" duration-ms="419" status="PASS">
          <reporter-output>
          </reporter-output>
        </test-method> <!-- verifyUsernameTest -->
        <test-method is-config="true" signature="tearDown()[pri:0, instance:com.crm.qa.tests.HomePageTest@d4342c2]" started-at="2022-12-13T15:19:27 EST" name="tearDown" finished-at="2022-12-13T15:19:28 EST" duration-ms="856" status="PASS">
          <reporter-output>
          </reporter-output>
        </test-method> <!-- tearDown -->
        <test-method is-config="true" signature="setUp()[pri:0, instance:com.crm.qa.tests.HomePageTest@d4342c2]" started-at="2022-12-13T15:19:28 EST" name="setUp" finished-at="2022-12-13T15:20:06 EST" duration-ms="37563" status="PASS">
          <reporter-output>
          </reporter-output>
        </test-method> <!-- setUp -->
        <test-method signature="verifyHomePageTitleTest()[pri:1, instance:com.crm.qa.tests.HomePageTest@d4342c2]" started-at="2022-12-13T15:20:06 EST" name="verifyHomePageTitleTest" finished-at="2022-12-13T15:20:06 EST" duration-ms="4" status="PASS">
          <reporter-output>
          </reporter-output>
        </test-method> <!-- verifyHomePageTitleTest -->
        <test-method is-config="true" signature="tearDown()[pri:0, instance:com.crm.qa.tests.HomePageTest@d4342c2]" started-at="2022-12-13T15:20:06 EST" name="tearDown" finished-at="2022-12-13T15:20:07 EST" duration-ms="930" status="PASS">
          <reporter-output>
          </reporter-output>
        </test-method> <!-- tearDown -->
      </class> <!-- com.crm.qa.tests.HomePageTest -->
    </test> <!-- Surefire test -->
  </suite> <!-- Surefire suite -->
</testng-results>
