<?xml version="1.0" encoding="UTF-8"?>
<testsuite xmlns:xsi="http://www.w3.org/2001/XMLSchema-instance" xsi:noNamespaceSchemaLocation="https://maven.apache.org/surefire/maven-surefire-plugin/xsd/surefire-test-report.xsd" name="TestSuite" time="467.318" tests="11" errors="0" skipped="0" failures="0">
  <properties>
[...]
</properties>
  <testcase name="verifyUsernameTest" classname="com.crm.qa.tests.ConatctsPageTest" time="0.056"/>
  <testcase name="verifyEmailLinkTest" classname="com.crm.qa.tests.ConatctsPageTest" time="0.222"/>
  <testcase name="validateCreateNewContact" classname="com.crm.qa.tests.ConatctsPageTest" time="35.678"/>
  <testcase name="validateCreateNewContact" classname="com.crm.qa.tests.ConatctsPageTest" time="35.556"/>
  <testcase name="validateCreateNewContact" classname="com.crm.qa.tests.ConatctsPageTest" time="35.613"/>
  <testcase name="verifyContactsLinkTest" classname="com.crm.qa.tests.HomePageTest" time="0.668"/>
  <testcase name="verifyUsernameTest" classname="com.crm.qa.tests.HomePageTest" time="0.42"/>
  <testcase name="verifyHomePageTitleTest" classname="com.crm.qa.tests.HomePageTest" time="0.004"/>
  <testcase name="LoginPageTitleTest" classname="com.crm.qa.tests.LoginPageTest" time="0.004"/>
  <testcase name="crmLogoImageTest" classname="com.crm.qa.tests.LoginPageTest" time="0.033"/>
  <testcase name="login" classname="com.crm.qa.tests.LoginPageTest" time="33.814"/>
</testsuite>