<?xml version="1.0" encoding="UTF-8"?>
<testng-results ignored="0" total="4" passed="4" failed="0" skipped="0">
  <reporter-output>
  </reporter-output>
  <suite started-at="2023-01-09T11:53:55 EST" name="Default suite" finished-at="2023-01-09T11:56:04 EST" duration-ms="128721">
    <groups>
    </groups>
    <test started-at="2023-01-09T11:53:55 EST" name="Default test" finished-at="2023-01-09T11:56:04 EST" duration-ms="128721">
      <class name="com.crm.qa.tests.CalendarPageTest">
        <test-method is-config="true" signature="setUp()[pri:0, instance:com.crm.qa.tests.CalendarPageTest@437da279]" started-at="2023-01-09T11:53:55 EST" name="setUp" finished-at="2023-01-09T11:54:04 EST" duration-ms="8574" status="PASS">
          <reporter-output>
          </reporter-output>
        </test-method> <!-- setUp -->
        <test-method signature="verifyUsernameTest()[pri:1, instance:com.crm.qa.tests.CalendarPageTest@437da279]" started-at="2023-01-09T11:54:04 EST" name="verifyUsernameTest" finished-at="2023-01-09T11:54:04 EST" duration-ms="83" status="PASS">
          <reporter-output>
          </reporter-output>
        </test-method> <!-- verifyUsernameTest -->
        <test-method is-config="true" signature="tearDown()[pri:0, instance:com.crm.qa.tests.CalendarPageTest@437da279]" started-at="2023-01-09T11:54:04 EST" name="tearDown" finished-at="2023-01-09T11:54:05 EST" duration-ms="920" status="PASS">
          <reporter-output>
          </reporter-output>
        </test-method> <!-- tearDown -->
        <test-method is-config="true" signature="setUp()[pri:0, instance:com.crm.qa.tests.CalendarPageTest@437da279]" started-at="2023-01-09T11:54:06 EST" name="setUp" finished-at="2023-01-09T11:54:13 EST" duration-ms="7301" status="PASS">
          <reporter-output>
          </reporter-output>
        </test-method> <!-- setUp -->
        <test-method signature="validateCreateNewEvent(java.lang.String,java.lang.String)[pri:2, instance:com.crm.qa.tests.CalendarPageTest@437da279]" started-at="2023-01-09T11:54:13 EST" name="validateCreateNewEvent" data-provider="getCrmTestData" finished-at="2023-01-09T11:54:44 EST" duration-ms="30653" status="PASS">
          <params>
            <param index="0">
              <value>
                <![CDATA[Morning Session]]>
              </value>
            </param>
            <param index="1">
              <value>
                <![CDATA[Important]]>
              </value>
            </param>
          </params>
          <reporter-output>
          </reporter-output>
        </test-method> <!-- validateCreateNewEvent -->
        <test-method is-config="true" signature="tearDown()[pri:0, instance:com.crm.qa.tests.CalendarPageTest@437da279]" started-at="2023-01-09T11:54:44 EST" name="tearDown" finished-at="2023-01-09T11:54:45 EST" duration-ms="1161" status="PASS">
          <reporter-output>
          </reporter-output>
        </test-method> <!-- tearDown -->
        <test-method is-config="true" signature="setUp()[pri:0, instance:com.crm.qa.tests.CalendarPageTest@437da279]" started-at="2023-01-09T11:54:45 EST" name="setUp" finished-at="2023-01-09T11:54:53 EST" duration-ms="8126" status="PASS">
          <reporter-output>
          </reporter-output>
        </test-method> <!-- setUp -->
        <test-method signature="validateCreateNewEvent(java.lang.String,java.lang.String)[pri:2, instance:com.crm.qa.tests.CalendarPageTest@437da279]" started-at="2023-01-09T11:54:53 EST" name="validateCreateNewEvent" data-provider="getCrmTestData" finished-at="2023-01-09T11:55:24 EST" duration-ms="30639" status="PASS">
          <params>
            <param index="0">
              <value>
                <![CDATA[Afternon Session]]>
              </value>
            </param>
            <param index="1">
              <value>
                <![CDATA[Oportunity]]>
              </value>
            </param>
          </params>
          <reporter-output>
          </reporter-output>
        </test-method> <!-- validateCreateNewEvent -->
        <test-method is-config="true" signature="tearDown()[pri:0, instance:com.crm.qa.tests.CalendarPageTest@437da279]" started-at="2023-01-09T11:55:24 EST" name="tearDown" finished-at="2023-01-09T11:55:25 EST" duration-ms="892" status="PASS">
          <reporter-output>
          </reporter-output>
        </test-method> <!-- tearDown -->
        <test-method is-config="true" signature="setUp()[pri:0, instance:com.crm.qa.tests.CalendarPageTest@437da279]" started-at="2023-01-09T11:55:25 EST" name="setUp" finished-at="2023-01-09T11:55:32 EST" duration-ms="7267" status="PASS">
          <reporter-output>
          </reporter-output>
        </test-method> <!-- setUp -->
        <test-method signature="validateCreateNewEvent(java.lang.String,java.lang.String)[pri:2, instance:com.crm.qa.tests.CalendarPageTest@437da279]" started-at="2023-01-09T11:55:32 EST" name="validateCreateNewEvent" data-provider="getCrmTestData" finished-at="2023-01-09T11:56:02 EST" duration-ms="30583" status="PASS">
          <params>
            <param index="0">
              <value>
                <![CDATA[Evening session]]>
              </value>
            </param>
            <param index="1">
              <value>
                <![CDATA[Optional]]>
              </value>
            </param>
          </params>
          <reporter-output>
          </reporter-output>
        </test-method> <!-- validateCreateNewEvent -->
        <test-method is-config="true" signature="tearDown()[pri:0, instance:com.crm.qa.tests.CalendarPageTest@437da279]" started-at="2023-01-09T11:56:02 EST" name="tearDown" finished-at="2023-01-09T11:56:04 EST" duration-ms="1275" status="PASS">
          <reporter-output>
          </reporter-output>
        </test-method> <!-- tearDown -->
      </class> <!-- com.crm.qa.tests.CalendarPageTest -->
    </test> <!-- Default test -->
  </suite> <!-- Default suite -->
</testng-results>
